<?xml version="1.0" encoding="UTF-8"?>
<!-- Generated by org.testng.reporters.JUnitReportReporter -->
<testsuite skipped="0" hostname="CPX-85J1I2YMCLF" name="adactinTests.BookingTestNG" tests="1" failures="0" timestamp="02 elokuuta 2017 13:35:37 GMT" time="13.441" errors="0">
  <testcase name="Booking" time="13.441" classname="adactinTests.BookingTestNG"/>
</testsuite> <!-- adactinTests.BookingTestNG -->
